[
  {
    "seed_label": "case1_mira_zora",
    "rounds": [
      {
        "player": 0,
        "python": [
          88,
          36,
          24,
          1,
          1,
          1
        ],
        "js": [
          88,
          36,
          24,
          1,
          1,
          1
        ],
        "match": true
      },
      {
        "player": 1,
        "python": [
          471,
          95,
          37,
          15,
          7,
          6
        ],
        "js": [
          471,
          95,
          37,
          15,
          7,
          6
        ],
        "match": true
      },
      {
        "player": 2,
        "python": [
          521,
          328,
          42,
          10,
          7,
          2
        ],
        "js": [
          521,
          328,
          42,
          10,
          7,
          2
        ],
        "match": true
      }
    ]
  },
  {
    "seed_label": "case2_mira_lu",
    "rounds": [
      {
        "player": 0,
        "python": [
          173,
          35,
          10,
          2,
          2,
          2
        ],
        "js": [
          173,
          35,
          10,
          2,
          2,
          2
        ],
        "match": true
      },
      {
        "player": 1,
        "python": [
          356,
          22,
          7,
          2,
          2,
          2
        ],
        "js": [
          356,
          22,
          7,
          2,
          2,
          2
        ],
        "match": true
      },
      {
        "player": 2,
        "python": [
          705,
          226,
          21,
          10,
          1,
          1
        ],
        "js": [
          705,
          226,
          21,
          10,
          1,
          1
        ],
        "match": true
      }
    ]
  },
  {
    "seed_label": "case3_zora_lu",
    "rounds": [
      {
        "player": 0,
        "python": [
          200,
          114,
          66,
          12,
          4,
          2
        ],
        "js": [
          200,
          114,
          66,
          12,
          4,
          2
        ],
        "match": true
      },
      {
        "player": 1,
        "python": [
          218,
          51,
          28,
          14,
          9,
          4
        ],
        "js": [
          218,
          51,
          28,
          14,
          9,
          4
        ],
        "match": true
      },
      {
        "player": 2,
        "python": [
          458,
          215,
          52,
          9,
          6,
          5
        ],
        "js": [
          458,
          215,
          52,
          9,
          6,
          5
        ],
        "match": true
      }
    ]
  }
]

=== 全一致: 9/9 系列が一致 ===
